2026-03-11 13:36:57 [INFO] __main__: `results` directory doesn't exist, creating...
2026-03-11 13:36:57 [INFO] __main__: MAX_CPU: 6
2026-03-11 13:36:57 [INFO] __main__: Total commands: 568
2026-03-11 13:36:57 [INFO] __main__: [0/568] Start process: C:\Users\Ivan\Desktop\v27_sdd_universal\target\release\v27_sdd_universal.exe --task santa --case SF-TAU --theta 0.12 --beta 0.5 --tau-0 1 --constant-theta
2026-03-11 13:36:57 [INFO] __main__: [1/568] Start process: C:\Users\Ivan\Desktop\v27_sdd_universal\target\release\v27_sdd_universal.exe --task santa --case SF-TAU --theta 0.12 --beta 0.5 --tau-0 1.5 --constant-theta
2026-03-11 13:36:57 [INFO] __main__: [2/568] Start process: C:\Users\Ivan\Desktop\v27_sdd_universal\target\release\v27_sdd_universal.exe --task santa --case SF-TAU --theta 0.12 --beta 0.5 --tau-0 2 --constant-theta
2026-03-11 13:36:57 [INFO] __main__: [3/568] Start process: C:\Users\Ivan\Desktop\v27_sdd_universal\target\release\v27_sdd_universal.exe --task santa --case SF-TAU --theta 0.12 --beta 0.5 --tau-0 2.5 --constant-theta
2026-03-11 13:36:57 [INFO] __main__: [4/568] Start process: C:\Users\Ivan\Desktop\v27_sdd_universal\target\release\v27_sdd_universal.exe --task santa --case SF-TAU --theta 0.12 --beta 0.5 --tau-0 3 --constant-theta
2026-03-11 13:36:57 [INFO] __main__: [5/568] Start process: C:\Users\Ivan\Desktop\v27_sdd_universal\target\release\v27_sdd_universal.exe --task santa --case SF-TAU --theta 0.12 --beta 0.5 --tau-0 3.5 --constant-theta
2026-03-11 13:37:01 [INFO] __main__: [0/568] Done: C:\Users\Ivan\Desktop\v27_sdd_universal\target\release\v27_sdd_universal.exe --task santa --case SF-TAU --theta 0.12 --beta 0.5 --tau-0 1 --constant-theta, returncode: 0
2026-03-11 13:37:01 [INFO] __main__: [6/568] Start process: C:\Users\Ivan\Desktop\v27_sdd_universal\target\release\v27_sdd_universal.exe --task santa --case SF-TAU --theta 0.12 --beta 0.5 --tau-0 4 --constant-theta
2026-03-11 13:37:03 [INFO] __main__: [1/568] Done: C:\Users\Ivan\Desktop\v27_sdd_universal\target\release\v27_sdd_universal.exe --task santa --case SF-TAU --theta 0.12 --beta 0.5 --tau-0 1.5 --constant-theta, returncode: 0
2026-03-11 13:37:03 [INFO] __main__: [7/568] Start process: C:\Users\Ivan\Desktop\v27_sdd_universal\target\release\v27_sdd_universal.exe --task santa --case SF-TAU --theta 0.12 --beta 0.5 --tau-0 4.5 --constant-theta
2026-03-11 13:37:05 [INFO] __main__: [2/568] Done: C:\Users\Ivan\Desktop\v27_sdd_universal\target\release\v27_sdd_universal.exe --task santa --case SF-TAU --theta 0.12 --beta 0.5 --tau-0 2 --constant-theta, returncode: 0
2026-03-11 13:37:05 [INFO] __main__: [8/568] Start process: C:\Users\Ivan\Desktop\v27_sdd_universal\target\release\v27_sdd_universal.exe --task santa --case SF-TAU --theta 0.12 --beta 0.5 --tau-0 5 --constant-theta
2026-03-11 13:37:06 [INFO] __main__: [3/568] Done: C:\Users\Ivan\Desktop\v27_sdd_universal\target\release\v27_sdd_universal.exe --task santa --case SF-TAU --theta 0.12 --beta 0.5 --tau-0 2.5 --constant-theta, returncode: 0
2026-03-11 13:37:06 [INFO] __main__: [9/568] Start process: C:\Users\Ivan\Desktop\v27_sdd_universal\target\release\v27_sdd_universal.exe --task santa --case SF-TAU --theta 0.12 --beta 0.5 --tau-0 5.5 --constant-theta
2026-03-11 13:37:08 [INFO] __main__: [4/568] Done: C:\Users\Ivan\Desktop\v27_sdd_universal\target\release\v27_sdd_universal.exe --task santa --case SF-TAU --theta 0.12 --beta 0.5 --tau-0 3 --constant-theta, returncode: 0
2026-03-11 13:37:08 [INFO] __main__: [10/568] Start process: C:\Users\Ivan\Desktop\v27_sdd_universal\target\release\v27_sdd_universal.exe --task santa --case SF-TAU --theta 0.12 --beta 0.5 --tau-0 6 --constant-theta
2026-03-11 13:37:10 [INFO] __main__: [5/568] Done: C:\Users\Ivan\Desktop\v27_sdd_universal\target\release\v27_sdd_universal.exe --task santa --case SF-TAU --theta 0.12 --beta 0.5 --tau-0 3.5 --constant-theta, returncode: 0
2026-03-11 13:37:10 [INFO] __main__: [11/568] Start process: C:\Users\Ivan\Desktop\v27_sdd_universal\target\release\v27_sdd_universal.exe --task santa --case SF-TAU --theta 0.12 --beta 0.5 --tau-0 8.2 --constant-theta
2026-03-11 13:37:15 [INFO] __main__: [6/568] Done: C:\Users\Ivan\Desktop\v27_sdd_universal\target\release\v27_sdd_universal.exe --task santa --case SF-TAU --theta 0.12 --beta 0.5 --tau-0 4 --constant-theta, returncode: 0
2026-03-11 13:37:15 [INFO] __main__: [12/568] Start process: C:\Users\Ivan\Desktop\v27_sdd_universal\target\release\v27_sdd_universal.exe --task santa --case SF-TAU --theta 0.12 --beta 0.5 --tau-0 10.4 --constant-theta
2026-03-11 13:37:19 [INFO] __main__: [7/568] Done: C:\Users\Ivan\Desktop\v27_sdd_universal\target\release\v27_sdd_universal.exe --task santa --case SF-TAU --theta 0.12 --beta 0.5 --tau-0 4.5 --constant-theta, returncode: 0
2026-03-11 13:37:19 [INFO] __main__: [13/568] Start process: C:\Users\Ivan\Desktop\v27_sdd_universal\target\release\v27_sdd_universal.exe --task santa --case SF-TAU --theta 0.12 --beta 0.5 --tau-0 12.6 --constant-theta
2026-03-11 13:37:23 [INFO] __main__: [8/568] Done: C:\Users\Ivan\Desktop\v27_sdd_universal\target\release\v27_sdd_universal.exe --task santa --case SF-TAU --theta 0.12 --beta 0.5 --tau-0 5 --constant-theta, returncode: 0
2026-03-11 13:37:23 [INFO] __main__: [14/568] Start process: C:\Users\Ivan\Desktop\v27_sdd_universal\target\release\v27_sdd_universal.exe --task santa --case SF-TAU --theta 0.12 --beta 0.5 --tau-0 14.8 --constant-theta
2026-03-11 13:37:27 [INFO] __main__: [9/568] Done: C:\Users\Ivan\Desktop\v27_sdd_universal\target\release\v27_sdd_universal.exe --task santa --case SF-TAU --theta 0.12 --beta 0.5 --tau-0 5.5 --constant-theta, returncode: 0
2026-03-11 13:37:27 [INFO] __main__: [15/568] Start process: C:\Users\Ivan\Desktop\v27_sdd_universal\target\release\v27_sdd_universal.exe --task santa --case SF-TAU --theta 0.12 --beta 0.5 --tau-0 17 --constant-theta
2026-03-11 13:37:30 [INFO] __main__: [10/568] Done: C:\Users\Ivan\Desktop\v27_sdd_universal\target\release\v27_sdd_universal.exe --task santa --case SF-TAU --theta 0.12 --beta 0.5 --tau-0 6 --constant-theta, returncode: 0
2026-03-11 13:37:30 [INFO] __main__: [16/568] Start process: C:\Users\Ivan\Desktop\v27_sdd_universal\target\release\v27_sdd_universal.exe --task santa --case SF-TAU --theta 0.12 --beta 0.5 --tau-0 19.2 --constant-theta
2026-03-11 13:37:40 [INFO] __main__: [11/568] Done: C:\Users\Ivan\Desktop\v27_sdd_universal\target\release\v27_sdd_universal.exe --task santa --case SF-TAU --theta 0.12 --beta 0.5 --tau-0 8.2 --constant-theta, returncode: 0
2026-03-11 13:37:40 [INFO] __main__: [17/568] Start process: C:\Users\Ivan\Desktop\v27_sdd_universal\target\release\v27_sdd_universal.exe --task santa --case SF-TAU --theta 0.12 --beta 0.5 --tau-0 21.4 --constant-theta
2026-03-11 13:37:52 [INFO] __main__: [12/568] Done: C:\Users\Ivan\Desktop\v27_sdd_universal\target\release\v27_sdd_universal.exe --task santa --case SF-TAU --theta 0.12 --beta 0.5 --tau-0 10.4 --constant-theta, returncode: 0
2026-03-11 13:37:52 [INFO] __main__: [18/568] Start process: C:\Users\Ivan\Desktop\v27_sdd_universal\target\release\v27_sdd_universal.exe --task santa --case SF-TAU --theta 0.12 --beta 0.5 --tau-0 23.6 --constant-theta
2026-03-11 13:38:03 [INFO] __main__: [13/568] Done: C:\Users\Ivan\Desktop\v27_sdd_universal\target\release\v27_sdd_universal.exe --task santa --case SF-TAU --theta 0.12 --beta 0.5 --tau-0 12.6 --constant-theta, returncode: 0
2026-03-11 13:38:03 [INFO] __main__: [19/568] Start process: C:\Users\Ivan\Desktop\v27_sdd_universal\target\release\v27_sdd_universal.exe --task santa --case SF-TAU --theta 0.12 --beta 0.5 --tau-0 25.8 --constant-theta
2026-03-11 13:38:15 [INFO] __main__: [14/568] Done: C:\Users\Ivan\Desktop\v27_sdd_universal\target\release\v27_sdd_universal.exe --task santa --case SF-TAU --theta 0.12 --beta 0.5 --tau-0 14.8 --constant-theta, returncode: 0
2026-03-11 13:38:15 [INFO] __main__: [20/568] Start process: C:\Users\Ivan\Desktop\v27_sdd_universal\target\release\v27_sdd_universal.exe --task santa --case SF-TAU --theta 0.12 --beta 0.5 --tau-0 28 --constant-theta
2026-03-11 13:38:25 [INFO] __main__: [15/568] Done: C:\Users\Ivan\Desktop\v27_sdd_universal\target\release\v27_sdd_universal.exe --task santa --case SF-TAU --theta 0.12 --beta 0.5 --tau-0 17 --constant-theta, returncode: 0
2026-03-11 13:38:25 [INFO] __main__: [21/568] Start process: C:\Users\Ivan\Desktop\v27_sdd_universal\target\release\v27_sdd_universal.exe --task santa --case SF-TAU --theta 0.12 --beta 0.5 --tau-0 30.2 --constant-theta
2026-03-11 13:38:36 [INFO] __main__: [16/568] Done: C:\Users\Ivan\Desktop\v27_sdd_universal\target\release\v27_sdd_universal.exe --task santa --case SF-TAU --theta 0.12 --beta 0.5 --tau-0 19.2 --constant-theta, returncode: 0
2026-03-11 13:38:36 [INFO] __main__: [22/568] Start process: C:\Users\Ivan\Desktop\v27_sdd_universal\target\release\v27_sdd_universal.exe --task santa --case SF-TAU --theta 0.12 --beta 0.5 --tau-0 32.4 --constant-theta
2026-03-11 13:38:54 [INFO] __main__: [17/568] Done: C:\Users\Ivan\Desktop\v27_sdd_universal\target\release\v27_sdd_universal.exe --task santa --case SF-TAU --theta 0.12 --beta 0.5 --tau-0 21.4 --constant-theta, returncode: 0
2026-03-11 13:38:54 [INFO] __main__: [23/568] Start process: C:\Users\Ivan\Desktop\v27_sdd_universal\target\release\v27_sdd_universal.exe --task santa --case SF-TAU --theta 0.12 --beta 0.5 --tau-0 34.6 --constant-theta
2026-03-11 13:39:14 [INFO] __main__: [18/568] Done: C:\Users\Ivan\Desktop\v27_sdd_universal\target\release\v27_sdd_universal.exe --task santa --case SF-TAU --theta 0.12 --beta 0.5 --tau-0 23.6 --constant-theta, returncode: 0
2026-03-11 13:39:14 [INFO] __main__: [24/568] Start process: C:\Users\Ivan\Desktop\v27_sdd_universal\target\release\v27_sdd_universal.exe --task santa --case SF-TAU --theta 0.12 --beta 0.5 --tau-0 36.8 --constant-theta
2026-03-11 13:39:32 [INFO] __main__: [19/568] Done: C:\Users\Ivan\Desktop\v27_sdd_universal\target\release\v27_sdd_universal.exe --task santa --case SF-TAU --theta 0.12 --beta 0.5 --tau-0 25.8 --constant-theta, returncode: 0
2026-03-11 13:39:32 [INFO] __main__: [25/568] Start process: C:\Users\Ivan\Desktop\v27_sdd_universal\target\release\v27_sdd_universal.exe --task santa --case SF-TAU --theta 0.12 --beta 0.5 --tau-0 39 --constant-theta
2026-03-11 13:39:52 [INFO] __main__: [20/568] Done: C:\Users\Ivan\Desktop\v27_sdd_universal\target\release\v27_sdd_universal.exe --task santa --case SF-TAU --theta 0.12 --beta 0.5 --tau-0 28 --constant-theta, returncode: 0
2026-03-11 13:39:52 [INFO] __main__: [26/568] Start process: C:\Users\Ivan\Desktop\v27_sdd_universal\target\release\v27_sdd_universal.exe --task santa --case SF-TAU --theta 0.12 --beta 0.5 --tau-0 41.2 --constant-theta
2026-03-11 13:40:12 [INFO] __main__: [21/568] Done: C:\Users\Ivan\Desktop\v27_sdd_universal\target\release\v27_sdd_universal.exe --task santa --case SF-TAU --theta 0.12 --beta 0.5 --tau-0 30.2 --constant-theta, returncode: 0
2026-03-11 13:40:12 [INFO] __main__: [27/568] Start process: C:\Users\Ivan\Desktop\v27_sdd_universal\target\release\v27_sdd_universal.exe --task santa --case SF-TAU --theta 0.12 --beta 0.5 --tau-0 43.4 --constant-theta
2026-03-11 13:40:29 [INFO] __main__: [22/568] Done: C:\Users\Ivan\Desktop\v27_sdd_universal\target\release\v27_sdd_universal.exe --task santa --case SF-TAU --theta 0.12 --beta 0.5 --tau-0 32.4 --constant-theta, returncode: 0
2026-03-11 13:40:29 [INFO] __main__: [28/568] Start process: C:\Users\Ivan\Desktop\v27_sdd_universal\target\release\v27_sdd_universal.exe --task santa --case SF-TAU --theta 0.12 --beta 0.5 --tau-0 45.6 --constant-theta
2026-03-11 13:40:55 [INFO] __main__: [23/568] Done: C:\Users\Ivan\Desktop\v27_sdd_universal\target\release\v27_sdd_universal.exe --task santa --case SF-TAU --theta 0.12 --beta 0.5 --tau-0 34.6 --constant-theta, returncode: 0
2026-03-11 13:40:55 [INFO] __main__: [29/568] Start process: C:\Users\Ivan\Desktop\v27_sdd_universal\target\release\v27_sdd_universal.exe --task santa --case SF-TAU --theta 0.12 --beta 0.5 --tau-0 47.8 --constant-theta
2026-03-11 13:41:23 [INFO] __main__: [24/568] Done: C:\Users\Ivan\Desktop\v27_sdd_universal\target\release\v27_sdd_universal.exe --task santa --case SF-TAU --theta 0.12 --beta 0.5 --tau-0 36.8 --constant-theta, returncode: 0
2026-03-11 13:41:23 [INFO] __main__: [30/568] Start process: C:\Users\Ivan\Desktop\v27_sdd_universal\target\release\v27_sdd_universal.exe --task santa --case SF-TAU --theta 0.12 --beta 0.5 --tau-0 50 --constant-theta
2026-03-11 13:41:50 [INFO] __main__: [25/568] Done: C:\Users\Ivan\Desktop\v27_sdd_universal\target\release\v27_sdd_universal.exe --task santa --case SF-TAU --theta 0.12 --beta 0.5 --tau-0 39 --constant-theta, returncode: 0
2026-03-11 13:41:50 [INFO] __main__: [31/568] Start process: C:\Users\Ivan\Desktop\v27_sdd_universal\target\release\v27_sdd_universal.exe --task narma --case NARMA-TAU --theta 0.12 --beta 0.5 --tau-0 1 --constant-theta
2026-03-11 13:41:53 [INFO] __main__: [31/568] Done: C:\Users\Ivan\Desktop\v27_sdd_universal\target\release\v27_sdd_universal.exe --task narma --case NARMA-TAU --theta 0.12 --beta 0.5 --tau-0 1 --constant-theta, returncode: 0
2026-03-11 13:42:15 [INFO] __main__: [26/568] Done: C:\Users\Ivan\Desktop\v27_sdd_universal\target\release\v27_sdd_universal.exe --task santa --case SF-TAU --theta 0.12 --beta 0.5 --tau-0 41.2 --constant-theta, returncode: 0
2026-03-11 13:42:15 [INFO] __main__: [32/568] Start process: C:\Users\Ivan\Desktop\v27_sdd_universal\target\release\v27_sdd_universal.exe --task narma --case NARMA-TAU --theta 0.12 --beta 0.5 --tau-0 2 --constant-theta
2026-03-11 13:42:21 [INFO] __main__: [32/568] Done: C:\Users\Ivan\Desktop\v27_sdd_universal\target\release\v27_sdd_universal.exe --task narma --case NARMA-TAU --theta 0.12 --beta 0.5 --tau-0 2 --constant-theta, returncode: 0
2026-03-11 13:42:40 [INFO] __main__: [27/568] Done: C:\Users\Ivan\Desktop\v27_sdd_universal\target\release\v27_sdd_universal.exe --task santa --case SF-TAU --theta 0.12 --beta 0.5 --tau-0 43.4 --constant-theta, returncode: 0
2026-03-11 13:42:40 [INFO] __main__: [33/568] Start process: C:\Users\Ivan\Desktop\v27_sdd_universal\target\release\v27_sdd_universal.exe --task narma --case NARMA-TAU --theta 0.12 --beta 0.5 --tau-0 3 --constant-theta
2026-03-11 13:42:49 [INFO] __main__: [33/568] Done: C:\Users\Ivan\Desktop\v27_sdd_universal\target\release\v27_sdd_universal.exe --task narma --case NARMA-TAU --theta 0.12 --beta 0.5 --tau-0 3 --constant-theta, returncode: 0
2026-03-11 13:43:01 [INFO] __main__: [28/568] Done: C:\Users\Ivan\Desktop\v27_sdd_universal\target\release\v27_sdd_universal.exe --task santa --case SF-TAU --theta 0.12 --beta 0.5 --tau-0 45.6 --constant-theta, returncode: 0
2026-03-11 13:43:01 [INFO] __main__: [34/568] Start process: C:\Users\Ivan\Desktop\v27_sdd_universal\target\release\v27_sdd_universal.exe --task narma --case NARMA-TAU --theta 0.12 --beta 0.5 --tau-0 4 --constant-theta
2026-03-11 13:43:11 [INFO] __main__: [34/568] Done: C:\Users\Ivan\Desktop\v27_sdd_universal\target\release\v27_sdd_universal.exe --task narma --case NARMA-TAU --theta 0.12 --beta 0.5 --tau-0 4 --constant-theta, returncode: 0
2026-03-11 13:43:24 [INFO] __main__: [29/568] Done: C:\Users\Ivan\Desktop\v27_sdd_universal\target\release\v27_sdd_universal.exe --task santa --case SF-TAU --theta 0.12 --beta 0.5 --tau-0 47.8 --constant-theta, returncode: 0
2026-03-11 13:43:24 [INFO] __main__: [35/568] Start process: C:\Users\Ivan\Desktop\v27_sdd_universal\target\release\v27_sdd_universal.exe --task narma --case NARMA-TAU --theta 0.12 --beta 0.5 --tau-0 5 --constant-theta
2026-03-11 13:43:35 [INFO] __main__: [35/568] Done: C:\Users\Ivan\Desktop\v27_sdd_universal\target\release\v27_sdd_universal.exe --task narma --case NARMA-TAU --theta 0.12 --beta 0.5 --tau-0 5 --constant-theta, returncode: 0
2026-03-11 13:43:46 [INFO] __main__: [30/568] Done: C:\Users\Ivan\Desktop\v27_sdd_universal\target\release\v27_sdd_universal.exe --task santa --case SF-TAU --theta 0.12 --beta 0.5 --tau-0 50 --constant-theta, returncode: 0
2026-03-11 13:43:46 [INFO] __main__: [36/568] Start process: C:\Users\Ivan\Desktop\v27_sdd_universal\target\release\v27_sdd_universal.exe --task narma --case NARMA-TAU --theta 0.12 --beta 0.5 --tau-0 6 --constant-theta
2026-03-11 13:43:46 [INFO] __main__: [37/568] Start process: C:\Users\Ivan\Desktop\v27_sdd_universal\target\release\v27_sdd_universal.exe --task narma --case NARMA-TAU --theta 0.12 --beta 0.5 --tau-0 7 --constant-theta
2026-03-11 13:43:46 [INFO] __main__: [38/568] Start process: C:\Users\Ivan\Desktop\v27_sdd_universal\target\release\v27_sdd_universal.exe --task narma --case NARMA-TAU --theta 0.12 --beta 0.5 --tau-0 8 --constant-theta
2026-03-11 13:43:46 [INFO] __main__: [39/568] Start process: C:\Users\Ivan\Desktop\v27_sdd_universal\target\release\v27_sdd_universal.exe --task narma --case NARMA-TAU --theta 0.12 --beta 0.5 --tau-0 9 --constant-theta
2026-03-11 13:43:46 [INFO] __main__: [40/568] Start process: C:\Users\Ivan\Desktop\v27_sdd_universal\target\release\v27_sdd_universal.exe --task narma --case NARMA-TAU --theta 0.12 --beta 0.5 --tau-0 10 --constant-theta
2026-03-11 13:43:46 [INFO] __main__: [41/568] Start process: C:\Users\Ivan\Desktop\v27_sdd_universal\target\release\v27_sdd_universal.exe --task narma --case NARMA-TAU --theta 0.12 --beta 0.5 --tau-0 11 --constant-theta
2026-03-11 13:44:07 [INFO] __main__: [36/568] Done: C:\Users\Ivan\Desktop\v27_sdd_universal\target\release\v27_sdd_universal.exe --task narma --case NARMA-TAU --theta 0.12 --beta 0.5 --tau-0 6 --constant-theta, returncode: 0
2026-03-11 13:44:07 [INFO] __main__: [42/568] Start process: C:\Users\Ivan\Desktop\v27_sdd_universal\target\release\v27_sdd_universal.exe --task narma --case NARMA-TAU --theta 0.12 --beta 0.5 --tau-0 12 --constant-theta
2026-03-11 13:44:10 [INFO] __main__: [37/568] Done: C:\Users\Ivan\Desktop\v27_sdd_universal\target\release\v27_sdd_universal.exe --task narma --case NARMA-TAU --theta 0.12 --beta 0.5 --tau-0 7 --constant-theta, returncode: 0
2026-03-11 13:44:10 [INFO] __main__: [43/568] Start process: C:\Users\Ivan\Desktop\v27_sdd_universal\target\release\v27_sdd_universal.exe --task narma --case NARMA-TAU --theta 0.12 --beta 0.5 --tau-0 13 --constant-theta
2026-03-11 13:44:13 [INFO] __main__: [38/568] Done: C:\Users\Ivan\Desktop\v27_sdd_universal\target\release\v27_sdd_universal.exe --task narma --case NARMA-TAU --theta 0.12 --beta 0.5 --tau-0 8 --constant-theta, returncode: 0
2026-03-11 13:44:13 [INFO] __main__: [44/568] Start process: C:\Users\Ivan\Desktop\v27_sdd_universal\target\release\v27_sdd_universal.exe --task narma --case NARMA-TAU --theta 0.12 --beta 0.5 --tau-0 14 --constant-theta
2026-03-11 13:44:17 [INFO] __main__: [39/568] Done: C:\Users\Ivan\Desktop\v27_sdd_universal\target\release\v27_sdd_universal.exe --task narma --case NARMA-TAU --theta 0.12 --beta 0.5 --tau-0 9 --constant-theta, returncode: 0
2026-03-11 13:44:17 [INFO] __main__: [45/568] Start process: C:\Users\Ivan\Desktop\v27_sdd_universal\target\release\v27_sdd_universal.exe --task narma --case NARMA-TAU --theta 0.12 --beta 0.5 --tau-0 15 --constant-theta
2026-03-11 13:44:21 [INFO] __main__: [40/568] Done: C:\Users\Ivan\Desktop\v27_sdd_universal\target\release\v27_sdd_universal.exe --task narma --case NARMA-TAU --theta 0.12 --beta 0.5 --tau-0 10 --constant-theta, returncode: 0
2026-03-11 13:44:21 [INFO] __main__: [46/568] Start process: C:\Users\Ivan\Desktop\v27_sdd_universal\target\release\v27_sdd_universal.exe --task narma --case NARMA-TAU --theta 0.12 --beta 0.5 --tau-0 16 --constant-theta
2026-03-11 13:44:24 [INFO] __main__: [41/568] Done: C:\Users\Ivan\Desktop\v27_sdd_universal\target\release\v27_sdd_universal.exe --task narma --case NARMA-TAU --theta 0.12 --beta 0.5 --tau-0 11 --constant-theta, returncode: 0
2026-03-11 13:44:24 [INFO] __main__: [47/568] Start process: C:\Users\Ivan\Desktop\v27_sdd_universal\target\release\v27_sdd_universal.exe --task narma --case NARMA-TAU --theta 0.12 --beta 0.5 --tau-0 17 --constant-theta
2026-03-11 13:44:48 [INFO] __main__: [42/568] Done: C:\Users\Ivan\Desktop\v27_sdd_universal\target\release\v27_sdd_universal.exe --task narma --case NARMA-TAU --theta 0.12 --beta 0.5 --tau-0 12 --constant-theta, returncode: 0
2026-03-11 13:44:48 [INFO] __main__: [48/568] Start process: C:\Users\Ivan\Desktop\v27_sdd_universal\target\release\v27_sdd_universal.exe --task narma --case NARMA-TAU --theta 0.12 --beta 0.5 --tau-0 18 --constant-theta
2026-03-11 13:44:55 [INFO] __main__: [43/568] Done: C:\Users\Ivan\Desktop\v27_sdd_universal\target\release\v27_sdd_universal.exe --task narma --case NARMA-TAU --theta 0.12 --beta 0.5 --tau-0 13 --constant-theta, returncode: 0
2026-03-11 13:44:55 [INFO] __main__: [49/568] Start process: C:\Users\Ivan\Desktop\v27_sdd_universal\target\release\v27_sdd_universal.exe --task narma --case NARMA-TAU --theta 0.12 --beta 0.5 --tau-0 19 --constant-theta
2026-03-11 13:45:02 [INFO] __main__: [44/568] Done: C:\Users\Ivan\Desktop\v27_sdd_universal\target\release\v27_sdd_universal.exe --task narma --case NARMA-TAU --theta 0.12 --beta 0.5 --tau-0 14 --constant-theta, returncode: 0
2026-03-11 13:45:02 [INFO] __main__: [50/568] Start process: C:\Users\Ivan\Desktop\v27_sdd_universal\target\release\v27_sdd_universal.exe --task narma --case NARMA-TAU --theta 0.12 --beta 0.5 --tau-0 20 --constant-theta
2026-03-11 13:45:09 [INFO] __main__: [45/568] Done: C:\Users\Ivan\Desktop\v27_sdd_universal\target\release\v27_sdd_universal.exe --task narma --case NARMA-TAU --theta 0.12 --beta 0.5 --tau-0 15 --constant-theta, returncode: 0
2026-03-11 13:45:09 [INFO] __main__: [51/568] Start process: C:\Users\Ivan\Desktop\v27_sdd_universal\target\release\v27_sdd_universal.exe --task narma --case NARMA-TAU --theta 0.12 --beta 0.5 --tau-0 21 --constant-theta
2026-03-11 13:45:16 [INFO] __main__: [46/568] Done: C:\Users\Ivan\Desktop\v27_sdd_universal\target\release\v27_sdd_universal.exe --task narma --case NARMA-TAU --theta 0.12 --beta 0.5 --tau-0 16 --constant-theta, returncode: 0
2026-03-11 13:45:16 [INFO] __main__: [52/568] Start process: C:\Users\Ivan\Desktop\v27_sdd_universal\target\release\v27_sdd_universal.exe --task narma --case NARMA-TAU --theta 0.12 --beta 0.5 --tau-0 22 --constant-theta
2026-03-11 13:45:23 [INFO] __main__: [47/568] Done: C:\Users\Ivan\Desktop\v27_sdd_universal\target\release\v27_sdd_universal.exe --task narma --case NARMA-TAU --theta 0.12 --beta 0.5 --tau-0 17 --constant-theta, returncode: 0
2026-03-11 13:45:23 [INFO] __main__: [53/568] Start process: C:\Users\Ivan\Desktop\v27_sdd_universal\target\release\v27_sdd_universal.exe --task narma --case NARMA-TAU --theta 0.12 --beta 0.5 --tau-0 23 --constant-theta
2026-03-11 13:45:50 [INFO] __main__: [48/568] Done: C:\Users\Ivan\Desktop\v27_sdd_universal\target\release\v27_sdd_universal.exe --task narma --case NARMA-TAU --theta 0.12 --beta 0.5 --tau-0 18 --constant-theta, returncode: 0
2026-03-11 13:45:50 [INFO] __main__: [54/568] Start process: C:\Users\Ivan\Desktop\v27_sdd_universal\target\release\v27_sdd_universal.exe --task narma --case NARMA-TAU --theta 0.12 --beta 0.5 --tau-0 24 --constant-theta
2026-03-11 13:46:00 [INFO] __main__: [49/568] Done: C:\Users\Ivan\Desktop\v27_sdd_universal\target\release\v27_sdd_universal.exe --task narma --case NARMA-TAU --theta 0.12 --beta 0.5 --tau-0 19 --constant-theta, returncode: 0
2026-03-11 13:46:00 [INFO] __main__: [55/568] Start process: C:\Users\Ivan\Desktop\v27_sdd_universal\target\release\v27_sdd_universal.exe --task narma --case NARMA-TAU --theta 0.12 --beta 0.5 --tau-0 25 --constant-theta
2026-03-11 13:46:11 [INFO] __main__: [50/568] Done: C:\Users\Ivan\Desktop\v27_sdd_universal\target\release\v27_sdd_universal.exe --task narma --case NARMA-TAU --theta 0.12 --beta 0.5 --tau-0 20 --constant-theta, returncode: 0
2026-03-11 13:46:11 [INFO] __main__: [56/568] Start process: C:\Users\Ivan\Desktop\v27_sdd_universal\target\release\v27_sdd_universal.exe --task narma --case NARMA-TAU --theta 0.12 --beta 0.5 --tau-0 30 --constant-theta
2026-03-11 13:46:22 [INFO] __main__: [51/568] Done: C:\Users\Ivan\Desktop\v27_sdd_universal\target\release\v27_sdd_universal.exe --task narma --case NARMA-TAU --theta 0.12 --beta 0.5 --tau-0 21 --constant-theta, returncode: 0
2026-03-11 13:46:22 [INFO] __main__: [57/568] Start process: C:\Users\Ivan\Desktop\v27_sdd_universal\target\release\v27_sdd_universal.exe --task narma --case NARMA-TAU --theta 0.12 --beta 0.5 --tau-0 35 --constant-theta
2026-03-11 13:46:32 [INFO] __main__: [52/568] Done: C:\Users\Ivan\Desktop\v27_sdd_universal\target\release\v27_sdd_universal.exe --task narma --case NARMA-TAU --theta 0.12 --beta 0.5 --tau-0 22 --constant-theta, returncode: 0
2026-03-11 13:46:32 [INFO] __main__: [58/568] Start process: C:\Users\Ivan\Desktop\v27_sdd_universal\target\release\v27_sdd_universal.exe --task narma --case NARMA-TAU --theta 0.12 --beta 0.5 --tau-0 40 --constant-theta
2026-03-11 13:46:43 [INFO] __main__: [53/568] Done: C:\Users\Ivan\Desktop\v27_sdd_universal\target\release\v27_sdd_universal.exe --task narma --case NARMA-TAU --theta 0.12 --beta 0.5 --tau-0 23 --constant-theta, returncode: 0
2026-03-11 13:46:43 [INFO] __main__: [59/568] Start process: C:\Users\Ivan\Desktop\v27_sdd_universal\target\release\v27_sdd_universal.exe --task narma --case NARMA-TAU --theta 0.12 --beta 0.5 --tau-0 45 --constant-theta
2026-03-11 13:47:14 [INFO] __main__: [54/568] Done: C:\Users\Ivan\Desktop\v27_sdd_universal\target\release\v27_sdd_universal.exe --task narma --case NARMA-TAU --theta 0.12 --beta 0.5 --tau-0 24 --constant-theta, returncode: 0
2026-03-11 13:47:14 [INFO] __main__: [60/568] Start process: C:\Users\Ivan\Desktop\v27_sdd_universal\target\release\v27_sdd_universal.exe --task narma --case NARMA-TAU --theta 0.12 --beta 0.5 --tau-0 50 --constant-theta
2026-03-11 13:47:28 [INFO] __main__: [55/568] Done: C:\Users\Ivan\Desktop\v27_sdd_universal\target\release\v27_sdd_universal.exe --task narma --case NARMA-TAU --theta 0.12 --beta 0.5 --tau-0 25 --constant-theta, returncode: 0
2026-03-11 13:47:28 [INFO] __main__: [61/568] Start process: C:\Users\Ivan\Desktop\v27_sdd_universal\target\release\v27_sdd_universal.exe --task mc --case MC-TAU --theta 0.12 --beta 0.5 --tau-0 1 --constant-theta
2026-03-11 13:47:58 [INFO] __main__: [56/568] Done: C:\Users\Ivan\Desktop\v27_sdd_universal\target\release\v27_sdd_universal.exe --task narma --case NARMA-TAU --theta 0.12 --beta 0.5 --tau-0 30 --constant-theta, returncode: 0
2026-03-11 13:47:58 [INFO] __main__: [62/568] Start process: C:\Users\Ivan\Desktop\v27_sdd_universal\target\release\v27_sdd_universal.exe --task mc --case MC-TAU --theta 0.12 --beta 0.5 --tau-0 1.5 --constant-theta
2026-03-11 13:48:28 [INFO] __main__: [57/568] Done: C:\Users\Ivan\Desktop\v27_sdd_universal\target\release\v27_sdd_universal.exe --task narma --case NARMA-TAU --theta 0.12 --beta 0.5 --tau-0 35 --constant-theta, returncode: 0
2026-03-11 13:48:28 [INFO] __main__: [63/568] Start process: C:\Users\Ivan\Desktop\v27_sdd_universal\target\release\v27_sdd_universal.exe --task mc --case MC-TAU --theta 0.12 --beta 0.5 --tau-0 2 --constant-theta
2026-03-11 13:49:00 [INFO] __main__: [58/568] Done: C:\Users\Ivan\Desktop\v27_sdd_universal\target\release\v27_sdd_universal.exe --task narma --case NARMA-TAU --theta 0.12 --beta 0.5 --tau-0 40 --constant-theta, returncode: 0
2026-03-11 13:49:00 [INFO] __main__: [64/568] Start process: C:\Users\Ivan\Desktop\v27_sdd_universal\target\release\v27_sdd_universal.exe --task mc --case MC-TAU --theta 0.12 --beta 0.5 --tau-0 2.5 --constant-theta
2026-03-11 13:49:34 [INFO] __main__: [59/568] Done: C:\Users\Ivan\Desktop\v27_sdd_universal\target\release\v27_sdd_universal.exe --task narma --case NARMA-TAU --theta 0.12 --beta 0.5 --tau-0 45 --constant-theta, returncode: 0
2026-03-11 13:49:34 [INFO] __main__: [65/568] Start process: C:\Users\Ivan\Desktop\v27_sdd_universal\target\release\v27_sdd_universal.exe --task mc --case MC-TAU --theta 0.12 --beta 0.5 --tau-0 3 --constant-theta
2026-03-11 13:50:13 [INFO] __main__: [61/568] Done: C:\Users\Ivan\Desktop\v27_sdd_universal\target\release\v27_sdd_universal.exe --task mc --case MC-TAU --theta 0.12 --beta 0.5 --tau-0 1 --constant-theta, returncode: 0
2026-03-11 13:50:30 [INFO] __main__: [60/568] Done: C:\Users\Ivan\Desktop\v27_sdd_universal\target\release\v27_sdd_universal.exe --task narma --case NARMA-TAU --theta 0.12 --beta 0.5 --tau-0 50 --constant-theta, returncode: 0
2026-03-11 13:50:30 [INFO] __main__: [66/568] Start process: C:\Users\Ivan\Desktop\v27_sdd_universal\target\release\v27_sdd_universal.exe --task mc --case MC-TAU --theta 0.12 --beta 0.5 --tau-0 3.5 --constant-theta
2026-03-11 13:50:30 [INFO] __main__: [67/568] Start process: C:\Users\Ivan\Desktop\v27_sdd_universal\target\release\v27_sdd_universal.exe --task mc --case MC-TAU --theta 0.12 --beta 0.5 --tau-0 4 --constant-theta
2026-03-11 13:51:06 [INFO] __main__: [62/568] Done: C:\Users\Ivan\Desktop\v27_sdd_universal\target\release\v27_sdd_universal.exe --task mc --case MC-TAU --theta 0.12 --beta 0.5 --tau-0 1.5 --constant-theta, returncode: 0
2026-03-11 13:51:06 [INFO] __main__: [68/568] Start process: C:\Users\Ivan\Desktop\v27_sdd_universal\target\release\v27_sdd_universal.exe --task mc --case MC-TAU --theta 0.12 --beta 0.5 --tau-0 4.5 --constant-theta
2026-03-11 13:52:14 [INFO] __main__: [63/568] Done: C:\Users\Ivan\Desktop\v27_sdd_universal\target\release\v27_sdd_universal.exe --task mc --case MC-TAU --theta 0.12 --beta 0.5 --tau-0 2 --constant-theta, returncode: 0
2026-03-11 13:52:14 [INFO] __main__: [69/568] Start process: C:\Users\Ivan\Desktop\v27_sdd_universal\target\release\v27_sdd_universal.exe --task mc --case MC-TAU --theta 0.12 --beta 0.5 --tau-0 5 --constant-theta
2026-03-11 13:53:18 [INFO] __main__: [64/568] Done: C:\Users\Ivan\Desktop\v27_sdd_universal\target\release\v27_sdd_universal.exe --task mc --case MC-TAU --theta 0.12 --beta 0.5 --tau-0 2.5 --constant-theta, returncode: 0
2026-03-11 13:53:18 [INFO] __main__: [70/568] Start process: C:\Users\Ivan\Desktop\v27_sdd_universal\target\release\v27_sdd_universal.exe --task mc --case MC-TAU --theta 0.12 --beta 0.5 --tau-0 5.5 --constant-theta
2026-03-11 13:54:08 [INFO] __main__: [65/568] Done: C:\Users\Ivan\Desktop\v27_sdd_universal\target\release\v27_sdd_universal.exe --task mc --case MC-TAU --theta 0.12 --beta 0.5 --tau-0 3 --constant-theta, returncode: 0
2026-03-11 13:54:08 [INFO] __main__: [71/568] Start process: C:\Users\Ivan\Desktop\v27_sdd_universal\target\release\v27_sdd_universal.exe --task mc --case MC-TAU --theta 0.12 --beta 0.5 --tau-0 6 --constant-theta
2026-03-11 13:56:04 [INFO] __main__: [66/568] Done: C:\Users\Ivan\Desktop\v27_sdd_universal\target\release\v27_sdd_universal.exe --task mc --case MC-TAU --theta 0.12 --beta 0.5 --tau-0 3.5 --constant-theta, returncode: 0
2026-03-11 13:56:04 [INFO] __main__: [72/568] Start process: C:\Users\Ivan\Desktop\v27_sdd_universal\target\release\v27_sdd_universal.exe --task mc --case MC-TAU --theta 0.12 --beta 0.5 --tau-0 8.2 --constant-theta
2026-03-11 13:56:53 [INFO] __main__: [67/568] Done: C:\Users\Ivan\Desktop\v27_sdd_universal\target\release\v27_sdd_universal.exe --task mc --case MC-TAU --theta 0.12 --beta 0.5 --tau-0 4 --constant-theta, returncode: 0
2026-03-11 13:56:53 [INFO] __main__: [73/568] Start process: C:\Users\Ivan\Desktop\v27_sdd_universal\target\release\v27_sdd_universal.exe --task mc --case MC-TAU --theta 0.12 --beta 0.5 --tau-0 10.4 --constant-theta
2026-03-11 13:58:03 [INFO] __main__: [68/568] Done: C:\Users\Ivan\Desktop\v27_sdd_universal\target\release\v27_sdd_universal.exe --task mc --case MC-TAU --theta 0.12 --beta 0.5 --tau-0 4.5 --constant-theta, returncode: 0
2026-03-11 13:58:03 [INFO] __main__: [74/568] Start process: C:\Users\Ivan\Desktop\v27_sdd_universal\target\release\v27_sdd_universal.exe --task mc --case MC-TAU --theta 0.12 --beta 0.5 --tau-0 12.6 --constant-theta
2026-03-11 14:00:11 [INFO] __main__: [69/568] Done: C:\Users\Ivan\Desktop\v27_sdd_universal\target\release\v27_sdd_universal.exe --task mc --case MC-TAU --theta 0.12 --beta 0.5 --tau-0 5 --constant-theta, returncode: 0
2026-03-11 14:00:11 [INFO] __main__: [75/568] Start process: C:\Users\Ivan\Desktop\v27_sdd_universal\target\release\v27_sdd_universal.exe --task mc --case MC-TAU --theta 0.12 --beta 0.5 --tau-0 14.8 --constant-theta
2026-03-11 14:01:50 [INFO] __main__: [70/568] Done: C:\Users\Ivan\Desktop\v27_sdd_universal\target\release\v27_sdd_universal.exe --task mc --case MC-TAU --theta 0.12 --beta 0.5 --tau-0 5.5 --constant-theta, returncode: 0
2026-03-11 14:01:50 [INFO] __main__: [76/568] Start process: C:\Users\Ivan\Desktop\v27_sdd_universal\target\release\v27_sdd_universal.exe --task mc --case MC-TAU --theta 0.12 --beta 0.5 --tau-0 17 --constant-theta
2026-03-11 14:03:44 [INFO] __main__: [71/568] Done: C:\Users\Ivan\Desktop\v27_sdd_universal\target\release\v27_sdd_universal.exe --task mc --case MC-TAU --theta 0.12 --beta 0.5 --tau-0 6 --constant-theta, returncode: 0
2026-03-11 14:03:44 [INFO] __main__: [77/568] Start process: C:\Users\Ivan\Desktop\v27_sdd_universal\target\release\v27_sdd_universal.exe --task mc --case MC-TAU --theta 0.12 --beta 0.5 --tau-0 19.2 --constant-theta
2026-03-11 14:11:31 [INFO] __main__: [72/568] Done: C:\Users\Ivan\Desktop\v27_sdd_universal\target\release\v27_sdd_universal.exe --task mc --case MC-TAU --theta 0.12 --beta 0.5 --tau-0 8.2 --constant-theta, returncode: 0
2026-03-11 14:11:31 [INFO] __main__: [78/568] Start process: C:\Users\Ivan\Desktop\v27_sdd_universal\target\release\v27_sdd_universal.exe --task mc --case MC-TAU --theta 0.12 --beta 0.5 --tau-0 21.4 --constant-theta
2026-03-11 14:20:57 [INFO] __main__: [73/568] Done: C:\Users\Ivan\Desktop\v27_sdd_universal\target\release\v27_sdd_universal.exe --task mc --case MC-TAU --theta 0.12 --beta 0.5 --tau-0 10.4 --constant-theta, returncode: 0
2026-03-11 14:20:57 [INFO] __main__: [79/568] Start process: C:\Users\Ivan\Desktop\v27_sdd_universal\target\release\v27_sdd_universal.exe --task mc --case MC-TAU --theta 0.12 --beta 0.5 --tau-0 23.6 --constant-theta
2026-03-11 14:33:04 [INFO] __main__: [74/568] Done: C:\Users\Ivan\Desktop\v27_sdd_universal\target\release\v27_sdd_universal.exe --task mc --case MC-TAU --theta 0.12 --beta 0.5 --tau-0 12.6 --constant-theta, returncode: 0
2026-03-11 14:33:04 [INFO] __main__: [80/568] Start process: C:\Users\Ivan\Desktop\v27_sdd_universal\target\release\v27_sdd_universal.exe --task mc --case MC-TAU --theta 0.12 --beta 0.5 --tau-0 25.8 --constant-theta
2026-03-11 14:50:44 [INFO] __main__: [75/568] Done: C:\Users\Ivan\Desktop\v27_sdd_universal\target\release\v27_sdd_universal.exe --task mc --case MC-TAU --theta 0.12 --beta 0.5 --tau-0 14.8 --constant-theta, returncode: 0
2026-03-11 14:50:44 [INFO] __main__: [81/568] Start process: C:\Users\Ivan\Desktop\v27_sdd_universal\target\release\v27_sdd_universal.exe --task mc --case MC-TAU --theta 0.12 --beta 0.5 --tau-0 28 --constant-theta
2026-03-11 15:12:04 [INFO] __main__: [76/568] Done: C:\Users\Ivan\Desktop\v27_sdd_universal\target\release\v27_sdd_universal.exe --task mc --case MC-TAU --theta 0.12 --beta 0.5 --tau-0 17 --constant-theta, returncode: 0
2026-03-11 15:12:04 [INFO] __main__: [82/568] Start process: C:\Users\Ivan\Desktop\v27_sdd_universal\target\release\v27_sdd_universal.exe --task mc --case MC-TAU --theta 0.12 --beta 0.5 --tau-0 30.2 --constant-theta
2026-03-11 15:39:45 [INFO] __main__: [77/568] Done: C:\Users\Ivan\Desktop\v27_sdd_universal\target\release\v27_sdd_universal.exe --task mc --case MC-TAU --theta 0.12 --beta 0.5 --tau-0 19.2 --constant-theta, returncode: 0
2026-03-11 15:39:45 [INFO] __main__: [83/568] Start process: C:\Users\Ivan\Desktop\v27_sdd_universal\target\release\v27_sdd_universal.exe --task mc --case MC-TAU --theta 0.12 --beta 0.5 --tau-0 32.4 --constant-theta
2026-03-11 16:10:36 [INFO] __main__: [83/568] Done: C:\Users\Ivan\Desktop\v27_sdd_universal\target\release\v27_sdd_universal.exe --task mc --case MC-TAU --theta 0.12 --beta 0.5 --tau-0 32.4 --constant-theta, returncode: 3221225786
2026-03-11 16:10:36 [WARNING] __main__: [83/568] Process stopped by user: C:\Users\Ivan\Desktop\v27_sdd_universal\target\release\v27_sdd_universal.exe --task mc --case MC-TAU --theta 0.12 --beta 0.5 --tau-0 32.4 --constant-theta
2026-03-11 16:10:36 [INFO] __main__: Completed indices: [0, 1, 2, 3, 4, 5, 6, 7, 8, 9, 10, 11, 12, 13, 14, 15, 16, 17, 18, 19, 20, 21, 22, 23, 24, 25, 26, 27, 28, 29, 30, 31, 32, 33, 34, 35, 36, 37, 38, 39, 40, 41, 42, 43, 44, 45, 46, 47, 48, 49, 50, 51, 52, 53, 54, 55, 56, 57, 58, 59, 60, 61, 62, 63, 64, 65, 66, 67, 68, 69, 70, 71, 72, 73, 74, 75, 76, 77, 83]
2026-03-11 16:10:36 [INFO] __main__: All done
2026-03-11 16:10:36 [ERROR] __main__: [83/568] Process error: C:\Users\Ivan\Desktop\v27_sdd_universal\target\release\v27_sdd_universal.exe --task mc --case MC-TAU --theta 0.12 --beta 0.5 --tau-0 32.4 --constant-theta, stderr: ,
2026-03-11 16:10:36 [INFO] __main__: [82/568] Done: C:\Users\Ivan\Desktop\v27_sdd_universal\target\release\v27_sdd_universal.exe --task mc --case MC-TAU --theta 0.12 --beta 0.5 --tau-0 30.2 --constant-theta, returncode: 3221225786
2026-03-11 16:10:36 [WARNING] __main__: [82/568] Process stopped by user: C:\Users\Ivan\Desktop\v27_sdd_universal\target\release\v27_sdd_universal.exe --task mc --case MC-TAU --theta 0.12 --beta 0.5 --tau-0 30.2 --constant-theta
2026-03-11 16:10:36 [INFO] __main__: Completed indices: [0, 1, 2, 3, 4, 5, 6, 7, 8, 9, 10, 11, 12, 13, 14, 15, 16, 17, 18, 19, 20, 21, 22, 23, 24, 25, 26, 27, 28, 29, 30, 31, 32, 33, 34, 35, 36, 37, 38, 39, 40, 41, 42, 43, 44, 45, 46, 47, 48, 49, 50, 51, 52, 53, 54, 55, 56, 57, 58, 59, 60, 61, 62, 63, 64, 65, 66, 67, 68, 69, 70, 71, 72, 73, 74, 75, 76, 77, 82, 83]
2026-03-11 16:10:36 [INFO] __main__: All done
2026-03-11 16:10:36 [ERROR] __main__: [82/568] Process error: C:\Users\Ivan\Desktop\v27_sdd_universal\target\release\v27_sdd_universal.exe --task mc --case MC-TAU --theta 0.12 --beta 0.5 --tau-0 30.2 --constant-theta, stderr: , stdout: Task: "mc",
2026-03-11 16:10:36 [INFO] __main__: [81/568] Done: C:\Users\Ivan\Desktop\v27_sdd_universal\target\release\v27_sdd_universal.exe --task mc --case MC-TAU --theta 0.12 --beta 0.5 --tau-0 28 --constant-theta, returncode: 3221225786
2026-03-11 16:10:36 [WARNING] __main__: [81/568] Process stopped by user: C:\Users\Ivan\Desktop\v27_sdd_universal\target\release\v27_sdd_universal.exe --task mc --case MC-TAU --theta 0.12 --beta 0.5 --tau-0 28 --constant-theta
2026-03-11 16:10:36 [INFO] __main__: Completed indices: [0, 1, 2, 3, 4, 5, 6, 7, 8, 9, 10, 11, 12, 13, 14, 15, 16, 17, 18, 19, 20, 21, 22, 23, 24, 25, 26, 27, 28, 29, 30, 31, 32, 33, 34, 35, 36, 37, 38, 39, 40, 41, 42, 43, 44, 45, 46, 47, 48, 49, 50, 51, 52, 53, 54, 55, 56, 57, 58, 59, 60, 61, 62, 63, 64, 65, 66, 67, 68, 69, 70, 71, 72, 73, 74, 75, 76, 77, 81, 82, 83]
2026-03-11 16:10:36 [INFO] __main__: All done
2026-03-11 16:10:36 [ERROR] __main__: [81/568] Process error: C:\Users\Ivan\Desktop\v27_sdd_universal\target\release\v27_sdd_universal.exe --task mc --case MC-TAU --theta 0.12 --beta 0.5 --tau-0 28 --constant-theta, stderr: , stdout: Task: "mc",
2026-03-11 16:10:36 [INFO] __main__: [80/568] Done: C:\Users\Ivan\Desktop\v27_sdd_universal\target\release\v27_sdd_universal.exe --task mc --case MC-TAU --theta 0.12 --beta 0.5 --tau-0 25.8 --constant-theta, returncode: 3221225786
2026-03-11 16:10:36 [INFO] __main__: [79/568] Done: C:\Users\Ivan\Desktop\v27_sdd_universal\target\release\v27_sdd_universal.exe --task mc --case MC-TAU --theta 0.12 --beta 0.5 --tau-0 23.6 --constant-theta, returncode: 3221225786
2026-03-11 16:10:36 [WARNING] __main__: [80/568] Process stopped by user: C:\Users\Ivan\Desktop\v27_sdd_universal\target\release\v27_sdd_universal.exe --task mc --case MC-TAU --theta 0.12 --beta 0.5 --tau-0 25.8 --constant-theta
2026-03-11 16:10:36 [WARNING] __main__: [79/568] Process stopped by user: C:\Users\Ivan\Desktop\v27_sdd_universal\target\release\v27_sdd_universal.exe --task mc --case MC-TAU --theta 0.12 --beta 0.5 --tau-0 23.6 --constant-theta
2026-03-11 16:10:36 [INFO] __main__: Completed indices: [0, 1, 2, 3, 4, 5, 6, 7, 8, 9, 10, 11, 12, 13, 14, 15, 16, 17, 18, 19, 20, 21, 22, 23, 24, 25, 26, 27, 28, 29, 30, 31, 32, 33, 34, 35, 36, 37, 38, 39, 40, 41, 42, 43, 44, 45, 46, 47, 48, 49, 50, 51, 52, 53, 54, 55, 56, 57, 58, 59, 60, 61, 62, 63, 64, 65, 66, 67, 68, 69, 70, 71, 72, 73, 74, 75, 76, 77, 79, 80, 81, 82, 83]
2026-03-11 16:10:36 [INFO] __main__: Completed indices: [0, 1, 2, 3, 4, 5, 6, 7, 8, 9, 10, 11, 12, 13, 14, 15, 16, 17, 18, 19, 20, 21, 22, 23, 24, 25, 26, 27, 28, 29, 30, 31, 32, 33, 34, 35, 36, 37, 38, 39, 40, 41, 42, 43, 44, 45, 46, 47, 48, 49, 50, 51, 52, 53, 54, 55, 56, 57, 58, 59, 60, 61, 62, 63, 64, 65, 66, 67, 68, 69, 70, 71, 72, 73, 74, 75, 76, 77, 79, 80, 81, 82, 83]
2026-03-11 16:10:36 [INFO] __main__: All done
2026-03-11 16:10:36 [INFO] __main__: All done
2026-03-11 16:10:36 [ERROR] __main__: [80/568] Process error: C:\Users\Ivan\Desktop\v27_sdd_universal\target\release\v27_sdd_universal.exe --task mc --case MC-TAU --theta 0.12 --beta 0.5 --tau-0 25.8 --constant-theta, stderr: , stdout: Task: "mc",
2026-03-11 16:10:36 [ERROR] __main__: [79/568] Process error: C:\Users\Ivan\Desktop\v27_sdd_universal\target\release\v27_sdd_universal.exe --task mc --case MC-TAU --theta 0.12 --beta 0.5 --tau-0 23.6 --constant-theta, stderr: , stdout: Task: "mc",
2026-03-11 16:10:36 [INFO] __main__: [78/568] Done: C:\Users\Ivan\Desktop\v27_sdd_universal\target\release\v27_sdd_universal.exe --task mc --case MC-TAU --theta 0.12 --beta 0.5 --tau-0 21.4 --constant-theta, returncode: 3221225786
